Determining if files sys/types.h;acl/libacl.h;ctype.h;direct.h exist failed with the following output:
Change Dir: /mnt/uloziste/Pracoviste/Projekty/LatexSongbook/libs/libarchive-2.8.5/build/CMakeFiles/CMakeTmp

Run Build Command:/usr/bin/make "cmTryCompileExec/fast"
/usr/bin/make -f CMakeFiles/cmTryCompileExec.dir/build.make CMakeFiles/cmTryCompileExec.dir/build
make[1]: Entering directory `/mnt/uloziste/Pracoviste/Projekty/LatexSongbook/libs/libarchive-2.8.5/build/CMakeFiles/CMakeTmp'
/usr/bin/cmake -E cmake_progress_report /mnt/uloziste/Pracoviste/Projekty/LatexSongbook/libs/libarchive-2.8.5/build/CMakeFiles/CMakeTmp/CMakeFiles 1
Building C object CMakeFiles/cmTryCompileExec.dir/CheckIncludeFiles.c.o
/usr/bin/gcc    -o CMakeFiles/cmTryCompileExec.dir/CheckIncludeFiles.c.o   -c /mnt/uloziste/Pracoviste/Projekty/LatexSongbook/libs/libarchive-2.8.5/build/CMakeFiles/CMakeTmp/CheckIncludeFiles.c
/mnt/uloziste/Pracoviste/Projekty/LatexSongbook/libs/libarchive-2.8.5/build/CMakeFiles/CMakeTmp/CheckIncludeFiles.c:5:20: fatal error: direct.h: Adresář nebo soubor neexistuje
compilation terminated.
make[1]: *** [CMakeFiles/cmTryCompileExec.dir/CheckIncludeFiles.c.o] Error 1
make[1]: Leaving directory `/mnt/uloziste/Pracoviste/Projekty/LatexSongbook/libs/libarchive-2.8.5/build/CMakeFiles/CMakeTmp'
make: *** [cmTryCompileExec/fast] Error 2

Source:
/* */
#include <sys/types.h>
#include <acl/libacl.h>
#include <ctype.h>
#include <direct.h>


int main(){return 0;}

Determining if files sys/types.h;acl/libacl.h;ctype.h;dlfcn.h;errno.h;ext2fs/ext2_fs.h;fcntl.h;grp.h;inttypes.h;io.h exist failed with the following output:
Change Dir: /mnt/uloziste/Pracoviste/Projekty/LatexSongbook/libs/libarchive-2.8.5/build/CMakeFiles/CMakeTmp

Run Build Command:/usr/bin/make "cmTryCompileExec/fast"
/usr/bin/make -f CMakeFiles/cmTryCompileExec.dir/build.make CMakeFiles/cmTryCompileExec.dir/build
make[1]: Entering directory `/mnt/uloziste/Pracoviste/Projekty/LatexSongbook/libs/libarchive-2.8.5/build/CMakeFiles/CMakeTmp'
/usr/bin/cmake -E cmake_progress_report /mnt/uloziste/Pracoviste/Projekty/LatexSongbook/libs/libarchive-2.8.5/build/CMakeFiles/CMakeTmp/CMakeFiles 1
Building C object CMakeFiles/cmTryCompileExec.dir/CheckIncludeFiles.c.o
/usr/bin/gcc    -o CMakeFiles/cmTryCompileExec.dir/CheckIncludeFiles.c.o   -c /mnt/uloziste/Pracoviste/Projekty/LatexSongbook/libs/libarchive-2.8.5/build/CMakeFiles/CMakeTmp/CheckIncludeFiles.c
/mnt/uloziste/Pracoviste/Projekty/LatexSongbook/libs/libarchive-2.8.5/build/CMakeFiles/CMakeTmp/CheckIncludeFiles.c:11:16: fatal error: io.h: Adresář nebo soubor neexistuje
compilation terminated.
make[1]: *** [CMakeFiles/cmTryCompileExec.dir/CheckIncludeFiles.c.o] Error 1
make[1]: Leaving directory `/mnt/uloziste/Pracoviste/Projekty/LatexSongbook/libs/libarchive-2.8.5/build/CMakeFiles/CMakeTmp'
make: *** [cmTryCompileExec/fast] Error 2

Source:
/* */
#include <sys/types.h>
#include <acl/libacl.h>
#include <ctype.h>
#include <dlfcn.h>
#include <errno.h>
#include <ext2fs/ext2_fs.h>
#include <fcntl.h>
#include <grp.h>
#include <inttypes.h>
#include <io.h>


int main(){return 0;}

Determining if files sys/types.h;acl/libacl.h;ctype.h;dlfcn.h;errno.h;ext2fs/ext2_fs.h;fcntl.h;grp.h;inttypes.h;langinfo.h;limits.h;linux/fs.h;locale.h;memory.h;paths.h;poll.h;process.h exist failed with the following output:
Change Dir: /mnt/uloziste/Pracoviste/Projekty/LatexSongbook/libs/libarchive-2.8.5/build/CMakeFiles/CMakeTmp

Run Build Command:/usr/bin/make "cmTryCompileExec/fast"
/usr/bin/make -f CMakeFiles/cmTryCompileExec.dir/build.make CMakeFiles/cmTryCompileExec.dir/build
make[1]: Entering directory `/mnt/uloziste/Pracoviste/Projekty/LatexSongbook/libs/libarchive-2.8.5/build/CMakeFiles/CMakeTmp'
/usr/bin/cmake -E cmake_progress_report /mnt/uloziste/Pracoviste/Projekty/LatexSongbook/libs/libarchive-2.8.5/build/CMakeFiles/CMakeTmp/CMakeFiles 1
Building C object CMakeFiles/cmTryCompileExec.dir/CheckIncludeFiles.c.o
/usr/bin/gcc    -o CMakeFiles/cmTryCompileExec.dir/CheckIncludeFiles.c.o   -c /mnt/uloziste/Pracoviste/Projekty/LatexSongbook/libs/libarchive-2.8.5/build/CMakeFiles/CMakeTmp/CheckIncludeFiles.c
/mnt/uloziste/Pracoviste/Projekty/LatexSongbook/libs/libarchive-2.8.5/build/CMakeFiles/CMakeTmp/CheckIncludeFiles.c:18:21: fatal error: process.h: Adresář nebo soubor neexistuje
compilation terminated.
make[1]: *** [CMakeFiles/cmTryCompileExec.dir/CheckIncludeFiles.c.o] Error 1
make[1]: Leaving directory `/mnt/uloziste/Pracoviste/Projekty/LatexSongbook/libs/libarchive-2.8.5/build/CMakeFiles/CMakeTmp'
make: *** [cmTryCompileExec/fast] Error 2

Source:
/* */
#include <sys/types.h>
#include <acl/libacl.h>
#include <ctype.h>
#include <dlfcn.h>
#include <errno.h>
#include <ext2fs/ext2_fs.h>
#include <fcntl.h>
#include <grp.h>
#include <inttypes.h>
#include <langinfo.h>
#include <limits.h>
#include <linux/fs.h>
#include <locale.h>
#include <memory.h>
#include <paths.h>
#include <poll.h>
#include <process.h>


int main(){return 0;}

Determining if files sys/types.h;acl/libacl.h;ctype.h;dlfcn.h;errno.h;ext2fs/ext2_fs.h;fcntl.h;grp.h;inttypes.h;langinfo.h;limits.h;linux/fs.h;locale.h;memory.h;paths.h;poll.h;pwd.h;regex.h;signal.h;stdarg.h;stdint.h;stdlib.h;string.h;strings.h;sys/acl.h;sys/cdefs.h;sys/ioctl.h;sys/mkdev.h exist failed with the following output:
Change Dir: /mnt/uloziste/Pracoviste/Projekty/LatexSongbook/libs/libarchive-2.8.5/build/CMakeFiles/CMakeTmp

Run Build Command:/usr/bin/make "cmTryCompileExec/fast"
/usr/bin/make -f CMakeFiles/cmTryCompileExec.dir/build.make CMakeFiles/cmTryCompileExec.dir/build
make[1]: Entering directory `/mnt/uloziste/Pracoviste/Projekty/LatexSongbook/libs/libarchive-2.8.5/build/CMakeFiles/CMakeTmp'
/usr/bin/cmake -E cmake_progress_report /mnt/uloziste/Pracoviste/Projekty/LatexSongbook/libs/libarchive-2.8.5/build/CMakeFiles/CMakeTmp/CMakeFiles 1
Building C object CMakeFiles/cmTryCompileExec.dir/CheckIncludeFiles.c.o
/usr/bin/gcc    -o CMakeFiles/cmTryCompileExec.dir/CheckIncludeFiles.c.o   -c /mnt/uloziste/Pracoviste/Projekty/LatexSongbook/libs/libarchive-2.8.5/build/CMakeFiles/CMakeTmp/CheckIncludeFiles.c
/mnt/uloziste/Pracoviste/Projekty/LatexSongbook/libs/libarchive-2.8.5/build/CMakeFiles/CMakeTmp/CheckIncludeFiles.c:29:23: fatal error: sys/mkdev.h: Adresář nebo soubor neexistuje
compilation terminated.
make[1]: *** [CMakeFiles/cmTryCompileExec.dir/CheckIncludeFiles.c.o] Error 1
make[1]: Leaving directory `/mnt/uloziste/Pracoviste/Projekty/LatexSongbook/libs/libarchive-2.8.5/build/CMakeFiles/CMakeTmp'
make: *** [cmTryCompileExec/fast] Error 2

Source:
/* */
#include <sys/types.h>
#include <acl/libacl.h>
#include <ctype.h>
#include <dlfcn.h>
#include <errno.h>
#include <ext2fs/ext2_fs.h>
#include <fcntl.h>
#include <grp.h>
#include <inttypes.h>
#include <langinfo.h>
#include <limits.h>
#include <linux/fs.h>
#include <locale.h>
#include <memory.h>
#include <paths.h>
#include <poll.h>
#include <pwd.h>
#include <regex.h>
#include <signal.h>
#include <stdarg.h>
#include <stdint.h>
#include <stdlib.h>
#include <string.h>
#include <strings.h>
#include <sys/acl.h>
#include <sys/cdefs.h>
#include <sys/ioctl.h>
#include <sys/mkdev.h>


int main(){return 0;}

Determining if files sys/types.h;acl/libacl.h;ctype.h;dlfcn.h;errno.h;ext2fs/ext2_fs.h;fcntl.h;grp.h;inttypes.h;langinfo.h;limits.h;linux/fs.h;locale.h;memory.h;paths.h;poll.h;pwd.h;regex.h;signal.h;stdarg.h;stdint.h;stdlib.h;string.h;strings.h;sys/acl.h;sys/cdefs.h;sys/ioctl.h;sys/param.h;sys/poll.h;sys/select.h;sys/stat.h;sys/time.h;sys/utime.h exist failed with the following output:
Change Dir: /mnt/uloziste/Pracoviste/Projekty/LatexSongbook/libs/libarchive-2.8.5/build/CMakeFiles/CMakeTmp

Run Build Command:/usr/bin/make "cmTryCompileExec/fast"
/usr/bin/make -f CMakeFiles/cmTryCompileExec.dir/build.make CMakeFiles/cmTryCompileExec.dir/build
make[1]: Entering directory `/mnt/uloziste/Pracoviste/Projekty/LatexSongbook/libs/libarchive-2.8.5/build/CMakeFiles/CMakeTmp'
/usr/bin/cmake -E cmake_progress_report /mnt/uloziste/Pracoviste/Projekty/LatexSongbook/libs/libarchive-2.8.5/build/CMakeFiles/CMakeTmp/CMakeFiles 1
Building C object CMakeFiles/cmTryCompileExec.dir/CheckIncludeFiles.c.o
/usr/bin/gcc    -o CMakeFiles/cmTryCompileExec.dir/CheckIncludeFiles.c.o   -c /mnt/uloziste/Pracoviste/Projekty/LatexSongbook/libs/libarchive-2.8.5/build/CMakeFiles/CMakeTmp/CheckIncludeFiles.c
/mnt/uloziste/Pracoviste/Projekty/LatexSongbook/libs/libarchive-2.8.5/build/CMakeFiles/CMakeTmp/CheckIncludeFiles.c:34:23: fatal error: sys/utime.h: Adresář nebo soubor neexistuje
compilation terminated.
make[1]: *** [CMakeFiles/cmTryCompileExec.dir/CheckIncludeFiles.c.o] Error 1
make[1]: Leaving directory `/mnt/uloziste/Pracoviste/Projekty/LatexSongbook/libs/libarchive-2.8.5/build/CMakeFiles/CMakeTmp'
make: *** [cmTryCompileExec/fast] Error 2

Source:
/* */
#include <sys/types.h>
#include <acl/libacl.h>
#include <ctype.h>
#include <dlfcn.h>
#include <errno.h>
#include <ext2fs/ext2_fs.h>
#include <fcntl.h>
#include <grp.h>
#include <inttypes.h>
#include <langinfo.h>
#include <limits.h>
#include <linux/fs.h>
#include <locale.h>
#include <memory.h>
#include <paths.h>
#include <poll.h>
#include <pwd.h>
#include <regex.h>
#include <signal.h>
#include <stdarg.h>
#include <stdint.h>
#include <stdlib.h>
#include <string.h>
#include <strings.h>
#include <sys/acl.h>
#include <sys/cdefs.h>
#include <sys/ioctl.h>
#include <sys/param.h>
#include <sys/poll.h>
#include <sys/select.h>
#include <sys/stat.h>
#include <sys/time.h>
#include <sys/utime.h>


int main(){return 0;}

Determining if files sys/types.h;acl/libacl.h;ctype.h;dlfcn.h;errno.h;ext2fs/ext2_fs.h;fcntl.h;grp.h;inttypes.h;langinfo.h;limits.h;linux/fs.h;locale.h;memory.h;paths.h;poll.h;pwd.h;regex.h;signal.h;stdarg.h;stdint.h;stdlib.h;string.h;strings.h;sys/acl.h;sys/cdefs.h;sys/ioctl.h;sys/param.h;sys/poll.h;sys/select.h;sys/stat.h;sys/time.h;sys/wait.h;time.h;unistd.h;utime.h;wchar.h;wctype.h;windows.h exist failed with the following output:
Change Dir: /mnt/uloziste/Pracoviste/Projekty/LatexSongbook/libs/libarchive-2.8.5/build/CMakeFiles/CMakeTmp

Run Build Command:/usr/bin/make "cmTryCompileExec/fast"
/usr/bin/make -f CMakeFiles/cmTryCompileExec.dir/build.make CMakeFiles/cmTryCompileExec.dir/build
make[1]: Entering directory `/mnt/uloziste/Pracoviste/Projekty/LatexSongbook/libs/libarchive-2.8.5/build/CMakeFiles/CMakeTmp'
/usr/bin/cmake -E cmake_progress_report /mnt/uloziste/Pracoviste/Projekty/LatexSongbook/libs/libarchive-2.8.5/build/CMakeFiles/CMakeTmp/CMakeFiles 1
Building C object CMakeFiles/cmTryCompileExec.dir/CheckIncludeFiles.c.o
/usr/bin/gcc    -o CMakeFiles/cmTryCompileExec.dir/CheckIncludeFiles.c.o   -c /mnt/uloziste/Pracoviste/Projekty/LatexSongbook/libs/libarchive-2.8.5/build/CMakeFiles/CMakeTmp/CheckIncludeFiles.c
/mnt/uloziste/Pracoviste/Projekty/LatexSongbook/libs/libarchive-2.8.5/build/CMakeFiles/CMakeTmp/CheckIncludeFiles.c:40:21: fatal error: windows.h: Adresář nebo soubor neexistuje
compilation terminated.
make[1]: *** [CMakeFiles/cmTryCompileExec.dir/CheckIncludeFiles.c.o] Error 1
make[1]: Leaving directory `/mnt/uloziste/Pracoviste/Projekty/LatexSongbook/libs/libarchive-2.8.5/build/CMakeFiles/CMakeTmp'
make: *** [cmTryCompileExec/fast] Error 2

Source:
/* */
#include <sys/types.h>
#include <acl/libacl.h>
#include <ctype.h>
#include <dlfcn.h>
#include <errno.h>
#include <ext2fs/ext2_fs.h>
#include <fcntl.h>
#include <grp.h>
#include <inttypes.h>
#include <langinfo.h>
#include <limits.h>
#include <linux/fs.h>
#include <locale.h>
#include <memory.h>
#include <paths.h>
#include <poll.h>
#include <pwd.h>
#include <regex.h>
#include <signal.h>
#include <stdarg.h>
#include <stdint.h>
#include <stdlib.h>
#include <string.h>
#include <strings.h>
#include <sys/acl.h>
#include <sys/cdefs.h>
#include <sys/ioctl.h>
#include <sys/param.h>
#include <sys/poll.h>
#include <sys/select.h>
#include <sys/stat.h>
#include <sys/time.h>
#include <sys/wait.h>
#include <time.h>
#include <unistd.h>
#include <utime.h>
#include <wchar.h>
#include <wctype.h>
#include <windows.h>


int main(){return 0;}

Determining if the CreateHardLinkA exist failed with the following output:
Change Dir: /mnt/uloziste/Pracoviste/Projekty/LatexSongbook/libs/libarchive-2.8.5/build/CMakeFiles/CMakeTmp

Run Build Command:/usr/bin/make "cmTryCompileExec/fast"
/usr/bin/make -f CMakeFiles/cmTryCompileExec.dir/build.make CMakeFiles/cmTryCompileExec.dir/build
make[1]: Entering directory `/mnt/uloziste/Pracoviste/Projekty/LatexSongbook/libs/libarchive-2.8.5/build/CMakeFiles/CMakeTmp'
/usr/bin/cmake -E cmake_progress_report /mnt/uloziste/Pracoviste/Projekty/LatexSongbook/libs/libarchive-2.8.5/build/CMakeFiles/CMakeTmp/CMakeFiles 1
Building C object CMakeFiles/cmTryCompileExec.dir/CheckSymbolExists.c.o
/usr/bin/gcc    -o CMakeFiles/cmTryCompileExec.dir/CheckSymbolExists.c.o   -c /mnt/uloziste/Pracoviste/Projekty/LatexSongbook/libs/libarchive-2.8.5/build/CMakeFiles/CMakeTmp/CheckSymbolExists.c
/mnt/uloziste/Pracoviste/Projekty/LatexSongbook/libs/libarchive-2.8.5/build/CMakeFiles/CMakeTmp/CheckSymbolExists.c:2:21: fatal error: windows.h: Adresář nebo soubor neexistuje
compilation terminated.
make[1]: *** [CMakeFiles/cmTryCompileExec.dir/CheckSymbolExists.c.o] Error 1
make[1]: Leaving directory `/mnt/uloziste/Pracoviste/Projekty/LatexSongbook/libs/libarchive-2.8.5/build/CMakeFiles/CMakeTmp'
make: *** [cmTryCompileExec/fast] Error 2

File /mnt/uloziste/Pracoviste/Projekty/LatexSongbook/libs/libarchive-2.8.5/build/CMakeFiles/CMakeTmp/CheckSymbolExists.c:
/* */
#include <windows.h>

void cmakeRequireSymbol(int dummy,...){(void)dummy;}
int main()
{
#ifndef CreateHardLinkA
  cmakeRequireSymbol(0,&CreateHardLinkA);
#endif
  return 0;
}

Determining if the CreateHardLinkW exist failed with the following output:
Change Dir: /mnt/uloziste/Pracoviste/Projekty/LatexSongbook/libs/libarchive-2.8.5/build/CMakeFiles/CMakeTmp

Run Build Command:/usr/bin/make "cmTryCompileExec/fast"
/usr/bin/make -f CMakeFiles/cmTryCompileExec.dir/build.make CMakeFiles/cmTryCompileExec.dir/build
make[1]: Entering directory `/mnt/uloziste/Pracoviste/Projekty/LatexSongbook/libs/libarchive-2.8.5/build/CMakeFiles/CMakeTmp'
/usr/bin/cmake -E cmake_progress_report /mnt/uloziste/Pracoviste/Projekty/LatexSongbook/libs/libarchive-2.8.5/build/CMakeFiles/CMakeTmp/CMakeFiles 1
Building C object CMakeFiles/cmTryCompileExec.dir/CheckSymbolExists.c.o
/usr/bin/gcc    -o CMakeFiles/cmTryCompileExec.dir/CheckSymbolExists.c.o   -c /mnt/uloziste/Pracoviste/Projekty/LatexSongbook/libs/libarchive-2.8.5/build/CMakeFiles/CMakeTmp/CheckSymbolExists.c
/mnt/uloziste/Pracoviste/Projekty/LatexSongbook/libs/libarchive-2.8.5/build/CMakeFiles/CMakeTmp/CheckSymbolExists.c:2:21: fatal error: windows.h: Adresář nebo soubor neexistuje
compilation terminated.
make[1]: *** [CMakeFiles/cmTryCompileExec.dir/CheckSymbolExists.c.o] Error 1
make[1]: Leaving directory `/mnt/uloziste/Pracoviste/Projekty/LatexSongbook/libs/libarchive-2.8.5/build/CMakeFiles/CMakeTmp'
make: *** [cmTryCompileExec/fast] Error 2

File /mnt/uloziste/Pracoviste/Projekty/LatexSongbook/libs/libarchive-2.8.5/build/CMakeFiles/CMakeTmp/CheckSymbolExists.c:
/* */
#include <windows.h>

void cmakeRequireSymbol(int dummy,...){(void)dummy;}
int main()
{
#ifndef CreateHardLinkW
  cmakeRequireSymbol(0,&CreateHardLinkW);
#endif
  return 0;
}

Determining if the _CrtSetReportMode exist failed with the following output:
Change Dir: /mnt/uloziste/Pracoviste/Projekty/LatexSongbook/libs/libarchive-2.8.5/build/CMakeFiles/CMakeTmp

Run Build Command:/usr/bin/make "cmTryCompileExec/fast"
/usr/bin/make -f CMakeFiles/cmTryCompileExec.dir/build.make CMakeFiles/cmTryCompileExec.dir/build
make[1]: Entering directory `/mnt/uloziste/Pracoviste/Projekty/LatexSongbook/libs/libarchive-2.8.5/build/CMakeFiles/CMakeTmp'
/usr/bin/cmake -E cmake_progress_report /mnt/uloziste/Pracoviste/Projekty/LatexSongbook/libs/libarchive-2.8.5/build/CMakeFiles/CMakeTmp/CMakeFiles 1
Building C object CMakeFiles/cmTryCompileExec.dir/CheckSymbolExists.c.o
/usr/bin/gcc    -o CMakeFiles/cmTryCompileExec.dir/CheckSymbolExists.c.o   -c /mnt/uloziste/Pracoviste/Projekty/LatexSongbook/libs/libarchive-2.8.5/build/CMakeFiles/CMakeTmp/CheckSymbolExists.c
/mnt/uloziste/Pracoviste/Projekty/LatexSongbook/libs/libarchive-2.8.5/build/CMakeFiles/CMakeTmp/CheckSymbolExists.c:2:20: fatal error: crtdbg.h: Adresář nebo soubor neexistuje
compilation terminated.
make[1]: *** [CMakeFiles/cmTryCompileExec.dir/CheckSymbolExists.c.o] Error 1
make[1]: Leaving directory `/mnt/uloziste/Pracoviste/Projekty/LatexSongbook/libs/libarchive-2.8.5/build/CMakeFiles/CMakeTmp'
make: *** [cmTryCompileExec/fast] Error 2

File /mnt/uloziste/Pracoviste/Projekty/LatexSongbook/libs/libarchive-2.8.5/build/CMakeFiles/CMakeTmp/CheckSymbolExists.c:
/* */
#include <crtdbg.h>

void cmakeRequireSymbol(int dummy,...){(void)dummy;}
int main()
{
#ifndef _CrtSetReportMode
  cmakeRequireSymbol(0,&_CrtSetReportMode);
#endif
  return 0;
}

Determining if the function lchflags exists failed with the following output:
Change Dir: /mnt/uloziste/Pracoviste/Projekty/LatexSongbook/libs/libarchive-2.8.5/build/CMakeFiles/CMakeTmp

Run Build Command:/usr/bin/make "cmTryCompileExec/fast"
/usr/bin/make -f CMakeFiles/cmTryCompileExec.dir/build.make CMakeFiles/cmTryCompileExec.dir/build
make[1]: Entering directory `/mnt/uloziste/Pracoviste/Projekty/LatexSongbook/libs/libarchive-2.8.5/build/CMakeFiles/CMakeTmp'
/usr/bin/cmake -E cmake_progress_report /mnt/uloziste/Pracoviste/Projekty/LatexSongbook/libs/libarchive-2.8.5/build/CMakeFiles/CMakeTmp/CMakeFiles 1
Building C object CMakeFiles/cmTryCompileExec.dir/CheckFunctionExists.c.o
/usr/bin/gcc   -DCHECK_FUNCTION_EXISTS=lchflags   -o CMakeFiles/cmTryCompileExec.dir/CheckFunctionExists.c.o   -c /usr/share/cmake-2.8/Modules/CheckFunctionExists.c
Linking C executable cmTryCompileExec
/usr/bin/cmake -E cmake_link_script CMakeFiles/cmTryCompileExec.dir/link.txt --verbose=1
/usr/bin/gcc     -DCHECK_FUNCTION_EXISTS=lchflags    CMakeFiles/cmTryCompileExec.dir/CheckFunctionExists.c.o  -o cmTryCompileExec -rdynamic 
CMakeFiles/cmTryCompileExec.dir/CheckFunctionExists.c.o: In function `main':
CheckFunctionExists.c:(.text+0x15): undefined reference to `lchflags'
collect2: ld returned 1 exit status
make[1]: *** [cmTryCompileExec] Error 1
make[1]: Leaving directory `/mnt/uloziste/Pracoviste/Projekty/LatexSongbook/libs/libarchive-2.8.5/build/CMakeFiles/CMakeTmp'
make: *** [cmTryCompileExec/fast] Error 2


Determining if the function strncpy_s exists failed with the following output:
Change Dir: /mnt/uloziste/Pracoviste/Projekty/LatexSongbook/libs/libarchive-2.8.5/build/CMakeFiles/CMakeTmp

Run Build Command:/usr/bin/make "cmTryCompileExec/fast"
/usr/bin/make -f CMakeFiles/cmTryCompileExec.dir/build.make CMakeFiles/cmTryCompileExec.dir/build
make[1]: Entering directory `/mnt/uloziste/Pracoviste/Projekty/LatexSongbook/libs/libarchive-2.8.5/build/CMakeFiles/CMakeTmp'
/usr/bin/cmake -E cmake_progress_report /mnt/uloziste/Pracoviste/Projekty/LatexSongbook/libs/libarchive-2.8.5/build/CMakeFiles/CMakeTmp/CMakeFiles 1
Building C object CMakeFiles/cmTryCompileExec.dir/CheckFunctionExists.c.o
/usr/bin/gcc   -DCHECK_FUNCTION_EXISTS=strncpy_s   -o CMakeFiles/cmTryCompileExec.dir/CheckFunctionExists.c.o   -c /usr/share/cmake-2.8/Modules/CheckFunctionExists.c
Linking C executable cmTryCompileExec
/usr/bin/cmake -E cmake_link_script CMakeFiles/cmTryCompileExec.dir/link.txt --verbose=1
/usr/bin/gcc     -DCHECK_FUNCTION_EXISTS=strncpy_s    CMakeFiles/cmTryCompileExec.dir/CheckFunctionExists.c.o  -o cmTryCompileExec -rdynamic 
CMakeFiles/cmTryCompileExec.dir/CheckFunctionExists.c.o: In function `main':
CheckFunctionExists.c:(.text+0x15): undefined reference to `strncpy_s'
collect2: ld returned 1 exit status
make[1]: *** [cmTryCompileExec] Error 1
make[1]: Leaving directory `/mnt/uloziste/Pracoviste/Projekty/LatexSongbook/libs/libarchive-2.8.5/build/CMakeFiles/CMakeTmp'
make: *** [cmTryCompileExec/fast] Error 2


Determining if the cygwin_conv_path exist failed with the following output:
Change Dir: /mnt/uloziste/Pracoviste/Projekty/LatexSongbook/libs/libarchive-2.8.5/build/CMakeFiles/CMakeTmp

Run Build Command:/usr/bin/make "cmTryCompileExec/fast"
/usr/bin/make -f CMakeFiles/cmTryCompileExec.dir/build.make CMakeFiles/cmTryCompileExec.dir/build
make[1]: Entering directory `/mnt/uloziste/Pracoviste/Projekty/LatexSongbook/libs/libarchive-2.8.5/build/CMakeFiles/CMakeTmp'
/usr/bin/cmake -E cmake_progress_report /mnt/uloziste/Pracoviste/Projekty/LatexSongbook/libs/libarchive-2.8.5/build/CMakeFiles/CMakeTmp/CMakeFiles 1
Building C object CMakeFiles/cmTryCompileExec.dir/CheckSymbolExists.c.o
/usr/bin/gcc    -o CMakeFiles/cmTryCompileExec.dir/CheckSymbolExists.c.o   -c /mnt/uloziste/Pracoviste/Projekty/LatexSongbook/libs/libarchive-2.8.5/build/CMakeFiles/CMakeTmp/CheckSymbolExists.c
/mnt/uloziste/Pracoviste/Projekty/LatexSongbook/libs/libarchive-2.8.5/build/CMakeFiles/CMakeTmp/CheckSymbolExists.c:2:24: fatal error: sys/cygwin.h: Adresář nebo soubor neexistuje
compilation terminated.
make[1]: *** [CMakeFiles/cmTryCompileExec.dir/CheckSymbolExists.c.o] Error 1
make[1]: Leaving directory `/mnt/uloziste/Pracoviste/Projekty/LatexSongbook/libs/libarchive-2.8.5/build/CMakeFiles/CMakeTmp'
make: *** [cmTryCompileExec/fast] Error 2

File /mnt/uloziste/Pracoviste/Projekty/LatexSongbook/libs/libarchive-2.8.5/build/CMakeFiles/CMakeTmp/CheckSymbolExists.c:
/* */
#include <sys/cygwin.h>

void cmakeRequireSymbol(int dummy,...){(void)dummy;}
int main()
{
#ifndef cygwin_conv_path
  cmakeRequireSymbol(0,&cygwin_conv_path);
#endif
  return 0;
}

Determining if the major exist failed with the following output:
Change Dir: /mnt/uloziste/Pracoviste/Projekty/LatexSongbook/libs/libarchive-2.8.5/build/CMakeFiles/CMakeTmp

Run Build Command:/usr/bin/make "cmTryCompileExec/fast"
/usr/bin/make -f CMakeFiles/cmTryCompileExec.dir/build.make CMakeFiles/cmTryCompileExec.dir/build
make[1]: Entering directory `/mnt/uloziste/Pracoviste/Projekty/LatexSongbook/libs/libarchive-2.8.5/build/CMakeFiles/CMakeTmp'
/usr/bin/cmake -E cmake_progress_report /mnt/uloziste/Pracoviste/Projekty/LatexSongbook/libs/libarchive-2.8.5/build/CMakeFiles/CMakeTmp/CMakeFiles 1
Building C object CMakeFiles/cmTryCompileExec.dir/CheckSymbolExists.c.o
/usr/bin/gcc    -o CMakeFiles/cmTryCompileExec.dir/CheckSymbolExists.c.o   -c /mnt/uloziste/Pracoviste/Projekty/LatexSongbook/libs/libarchive-2.8.5/build/CMakeFiles/CMakeTmp/CheckSymbolExists.c
/mnt/uloziste/Pracoviste/Projekty/LatexSongbook/libs/libarchive-2.8.5/build/CMakeFiles/CMakeTmp/CheckSymbolExists.c:2:23: fatal error: sys/mkdev.h: Adresář nebo soubor neexistuje
compilation terminated.
make[1]: Leaving directory `/mnt/uloziste/Pracoviste/Projekty/LatexSongbook/libs/libarchive-2.8.5/build/CMakeFiles/CMakeTmp'
make[1]: *** [CMakeFiles/cmTryCompileExec.dir/CheckSymbolExists.c.o] Error 1
make: *** [cmTryCompileExec/fast] Error 2

File /mnt/uloziste/Pracoviste/Projekty/LatexSongbook/libs/libarchive-2.8.5/build/CMakeFiles/CMakeTmp/CheckSymbolExists.c:
/* */
#include <sys/mkdev.h>

void cmakeRequireSymbol(int dummy,...){(void)dummy;}
int main()
{
#ifndef major
  cmakeRequireSymbol(0,&major);
#endif
  return 0;
}

Determining if the EFTYPE exist failed with the following output:
Change Dir: /mnt/uloziste/Pracoviste/Projekty/LatexSongbook/libs/libarchive-2.8.5/build/CMakeFiles/CMakeTmp

Run Build Command:/usr/bin/make "cmTryCompileExec/fast"
/usr/bin/make -f CMakeFiles/cmTryCompileExec.dir/build.make CMakeFiles/cmTryCompileExec.dir/build
make[1]: Entering directory `/mnt/uloziste/Pracoviste/Projekty/LatexSongbook/libs/libarchive-2.8.5/build/CMakeFiles/CMakeTmp'
/usr/bin/cmake -E cmake_progress_report /mnt/uloziste/Pracoviste/Projekty/LatexSongbook/libs/libarchive-2.8.5/build/CMakeFiles/CMakeTmp/CMakeFiles 1
Building C object CMakeFiles/cmTryCompileExec.dir/CheckSymbolExists.c.o
/usr/bin/gcc    -o CMakeFiles/cmTryCompileExec.dir/CheckSymbolExists.c.o   -c /mnt/uloziste/Pracoviste/Projekty/LatexSongbook/libs/libarchive-2.8.5/build/CMakeFiles/CMakeTmp/CheckSymbolExists.c
/mnt/uloziste/Pracoviste/Projekty/LatexSongbook/libs/libarchive-2.8.5/build/CMakeFiles/CMakeTmp/CheckSymbolExists.c: In function ‘main’:
/mnt/uloziste/Pracoviste/Projekty/LatexSongbook/libs/libarchive-2.8.5/build/CMakeFiles/CMakeTmp/CheckSymbolExists.c:8:25: error: ‘EFTYPE’ undeclared (first use in this function)
/mnt/uloziste/Pracoviste/Projekty/LatexSongbook/libs/libarchive-2.8.5/build/CMakeFiles/CMakeTmp/CheckSymbolExists.c:8:25: note: each undeclared identifier is reported only once for each function it appears in
make[1]: *** [CMakeFiles/cmTryCompileExec.dir/CheckSymbolExists.c.o] Error 1
make[1]: Leaving directory `/mnt/uloziste/Pracoviste/Projekty/LatexSongbook/libs/libarchive-2.8.5/build/CMakeFiles/CMakeTmp'
make: *** [cmTryCompileExec/fast] Error 2

File /mnt/uloziste/Pracoviste/Projekty/LatexSongbook/libs/libarchive-2.8.5/build/CMakeFiles/CMakeTmp/CheckSymbolExists.c:
/* */
#include <errno.h>

void cmakeRequireSymbol(int dummy,...){(void)dummy;}
int main()
{
#ifndef EFTYPE
  cmakeRequireSymbol(0,&EFTYPE);
#endif
  return 0;
}

Determining if the D_MD_ORDER exist failed with the following output:
Change Dir: /mnt/uloziste/Pracoviste/Projekty/LatexSongbook/libs/libarchive-2.8.5/build/CMakeFiles/CMakeTmp

Run Build Command:/usr/bin/make "cmTryCompileExec/fast"
/usr/bin/make -f CMakeFiles/cmTryCompileExec.dir/build.make CMakeFiles/cmTryCompileExec.dir/build
make[1]: Entering directory `/mnt/uloziste/Pracoviste/Projekty/LatexSongbook/libs/libarchive-2.8.5/build/CMakeFiles/CMakeTmp'
/usr/bin/cmake -E cmake_progress_report /mnt/uloziste/Pracoviste/Projekty/LatexSongbook/libs/libarchive-2.8.5/build/CMakeFiles/CMakeTmp/CMakeFiles 1
Building C object CMakeFiles/cmTryCompileExec.dir/CheckSymbolExists.c.o
/usr/bin/gcc    -o CMakeFiles/cmTryCompileExec.dir/CheckSymbolExists.c.o   -c /mnt/uloziste/Pracoviste/Projekty/LatexSongbook/libs/libarchive-2.8.5/build/CMakeFiles/CMakeTmp/CheckSymbolExists.c
/mnt/uloziste/Pracoviste/Projekty/LatexSongbook/libs/libarchive-2.8.5/build/CMakeFiles/CMakeTmp/CheckSymbolExists.c: In function ‘main’:
/mnt/uloziste/Pracoviste/Projekty/LatexSongbook/libs/libarchive-2.8.5/build/CMakeFiles/CMakeTmp/CheckSymbolExists.c:8:25: error: ‘D_MD_ORDER’ undeclared (first use in this function)
/mnt/uloziste/Pracoviste/Projekty/LatexSongbook/libs/libarchive-2.8.5/build/CMakeFiles/CMakeTmp/CheckSymbolExists.c:8:25: note: each undeclared identifier is reported only once for each function it appears in
make[1]: *** [CMakeFiles/cmTryCompileExec.dir/CheckSymbolExists.c.o] Error 1
make[1]: Leaving directory `/mnt/uloziste/Pracoviste/Projekty/LatexSongbook/libs/libarchive-2.8.5/build/CMakeFiles/CMakeTmp'
make: *** [cmTryCompileExec/fast] Error 2

File /mnt/uloziste/Pracoviste/Projekty/LatexSongbook/libs/libarchive-2.8.5/build/CMakeFiles/CMakeTmp/CheckSymbolExists.c:
/* */
#include <langinfo.h>

void cmakeRequireSymbol(int dummy,...){(void)dummy;}
int main()
{
#ifndef D_MD_ORDER
  cmakeRequireSymbol(0,&D_MD_ORDER);
#endif
  return 0;
}

Performing C SOURCE FILE Test HAVE_STRUCT_STAT_ST_BIRTHTIME failed with the following output:
Change Dir: /mnt/uloziste/Pracoviste/Projekty/LatexSongbook/libs/libarchive-2.8.5/build/CMakeFiles/CMakeTmp

Run Build Command:/usr/bin/make "cmTryCompileExec/fast"
/usr/bin/make -f CMakeFiles/cmTryCompileExec.dir/build.make CMakeFiles/cmTryCompileExec.dir/build
make[1]: Entering directory `/mnt/uloziste/Pracoviste/Projekty/LatexSongbook/libs/libarchive-2.8.5/build/CMakeFiles/CMakeTmp'
/usr/bin/cmake -E cmake_progress_report /mnt/uloziste/Pracoviste/Projekty/LatexSongbook/libs/libarchive-2.8.5/build/CMakeFiles/CMakeTmp/CMakeFiles 1
Building C object CMakeFiles/cmTryCompileExec.dir/src.c.o
/usr/bin/gcc   -DHAVE_STRUCT_STAT_ST_BIRTHTIME   -o CMakeFiles/cmTryCompileExec.dir/src.c.o   -c /mnt/uloziste/Pracoviste/Projekty/LatexSongbook/libs/libarchive-2.8.5/build/CMakeFiles/CMakeTmp/src.c
/mnt/uloziste/Pracoviste/Projekty/LatexSongbook/libs/libarchive-2.8.5/build/CMakeFiles/CMakeTmp/src.c: In function ‘main’:
/mnt/uloziste/Pracoviste/Projekty/LatexSongbook/libs/libarchive-2.8.5/build/CMakeFiles/CMakeTmp/src.c:8:18: error: ‘struct stat’ has no member named ‘st_birthtime’
make[1]: *** [CMakeFiles/cmTryCompileExec.dir/src.c.o] Error 1
make[1]: Leaving directory `/mnt/uloziste/Pracoviste/Projekty/LatexSongbook/libs/libarchive-2.8.5/build/CMakeFiles/CMakeTmp'
make: *** [cmTryCompileExec/fast] Error 2

Source file was:

#include <sys/types.h>
#include <sys/stat.h>

int main()
{
   static struct stat tmp;
   if (sizeof(tmp.st_birthtime))
      return 0;
  return 0;
}

Performing C SOURCE FILE Test HAVE_STRUCT_STAT_ST_BIRTHTIMESPEC_TV_NSEC failed with the following output:
Change Dir: /mnt/uloziste/Pracoviste/Projekty/LatexSongbook/libs/libarchive-2.8.5/build/CMakeFiles/CMakeTmp

Run Build Command:/usr/bin/make "cmTryCompileExec/fast"
/usr/bin/make -f CMakeFiles/cmTryCompileExec.dir/build.make CMakeFiles/cmTryCompileExec.dir/build
make[1]: Entering directory `/mnt/uloziste/Pracoviste/Projekty/LatexSongbook/libs/libarchive-2.8.5/build/CMakeFiles/CMakeTmp'
/usr/bin/cmake -E cmake_progress_report /mnt/uloziste/Pracoviste/Projekty/LatexSongbook/libs/libarchive-2.8.5/build/CMakeFiles/CMakeTmp/CMakeFiles 1
Building C object CMakeFiles/cmTryCompileExec.dir/src.c.o
/usr/bin/gcc   -DHAVE_STRUCT_STAT_ST_BIRTHTIMESPEC_TV_NSEC   -o CMakeFiles/cmTryCompileExec.dir/src.c.o   -c /mnt/uloziste/Pracoviste/Projekty/LatexSongbook/libs/libarchive-2.8.5/build/CMakeFiles/CMakeTmp/src.c
/mnt/uloziste/Pracoviste/Projekty/LatexSongbook/libs/libarchive-2.8.5/build/CMakeFiles/CMakeTmp/src.c: In function ‘main’:
/mnt/uloziste/Pracoviste/Projekty/LatexSongbook/libs/libarchive-2.8.5/build/CMakeFiles/CMakeTmp/src.c:8:18: error: ‘struct stat’ has no member named ‘st_birthtimespec’
make[1]: *** [CMakeFiles/cmTryCompileExec.dir/src.c.o] Error 1
make[1]: Leaving directory `/mnt/uloziste/Pracoviste/Projekty/LatexSongbook/libs/libarchive-2.8.5/build/CMakeFiles/CMakeTmp'
make: *** [cmTryCompileExec/fast] Error 2

Source file was:

#include <sys/types.h>
#include <sys/stat.h>

int main()
{
   static struct stat tmp;
   if (sizeof(tmp.st_birthtimespec.tv_nsec))
      return 0;
  return 0;
}

Performing C SOURCE FILE Test HAVE_STRUCT_STAT_ST_MTIMESPEC_TV_NSEC failed with the following output:
Change Dir: /mnt/uloziste/Pracoviste/Projekty/LatexSongbook/libs/libarchive-2.8.5/build/CMakeFiles/CMakeTmp

Run Build Command:/usr/bin/make "cmTryCompileExec/fast"
/usr/bin/make -f CMakeFiles/cmTryCompileExec.dir/build.make CMakeFiles/cmTryCompileExec.dir/build
make[1]: Entering directory `/mnt/uloziste/Pracoviste/Projekty/LatexSongbook/libs/libarchive-2.8.5/build/CMakeFiles/CMakeTmp'
/usr/bin/cmake -E cmake_progress_report /mnt/uloziste/Pracoviste/Projekty/LatexSongbook/libs/libarchive-2.8.5/build/CMakeFiles/CMakeTmp/CMakeFiles 1
Building C object CMakeFiles/cmTryCompileExec.dir/src.c.o
/usr/bin/gcc   -DHAVE_STRUCT_STAT_ST_MTIMESPEC_TV_NSEC   -o CMakeFiles/cmTryCompileExec.dir/src.c.o   -c /mnt/uloziste/Pracoviste/Projekty/LatexSongbook/libs/libarchive-2.8.5/build/CMakeFiles/CMakeTmp/src.c
/mnt/uloziste/Pracoviste/Projekty/LatexSongbook/libs/libarchive-2.8.5/build/CMakeFiles/CMakeTmp/src.c: In function ‘main’:
/mnt/uloziste/Pracoviste/Projekty/LatexSongbook/libs/libarchive-2.8.5/build/CMakeFiles/CMakeTmp/src.c:8:18: error: ‘struct stat’ has no member named ‘st_mtimespec’
make[1]: *** [CMakeFiles/cmTryCompileExec.dir/src.c.o] Error 1
make[1]: Leaving directory `/mnt/uloziste/Pracoviste/Projekty/LatexSongbook/libs/libarchive-2.8.5/build/CMakeFiles/CMakeTmp'
make: *** [cmTryCompileExec/fast] Error 2

Source file was:

#include <sys/types.h>
#include <sys/stat.h>

int main()
{
   static struct stat tmp;
   if (sizeof(tmp.st_mtimespec.tv_nsec))
      return 0;
  return 0;
}

Performing C SOURCE FILE Test HAVE_STRUCT_STAT_ST_MTIME_N failed with the following output:
Change Dir: /mnt/uloziste/Pracoviste/Projekty/LatexSongbook/libs/libarchive-2.8.5/build/CMakeFiles/CMakeTmp

Run Build Command:/usr/bin/make "cmTryCompileExec/fast"
/usr/bin/make -f CMakeFiles/cmTryCompileExec.dir/build.make CMakeFiles/cmTryCompileExec.dir/build
make[1]: Entering directory `/mnt/uloziste/Pracoviste/Projekty/LatexSongbook/libs/libarchive-2.8.5/build/CMakeFiles/CMakeTmp'
/usr/bin/cmake -E cmake_progress_report /mnt/uloziste/Pracoviste/Projekty/LatexSongbook/libs/libarchive-2.8.5/build/CMakeFiles/CMakeTmp/CMakeFiles 1
Building C object CMakeFiles/cmTryCompileExec.dir/src.c.o
/usr/bin/gcc   -DHAVE_STRUCT_STAT_ST_MTIME_N   -o CMakeFiles/cmTryCompileExec.dir/src.c.o   -c /mnt/uloziste/Pracoviste/Projekty/LatexSongbook/libs/libarchive-2.8.5/build/CMakeFiles/CMakeTmp/src.c
/mnt/uloziste/Pracoviste/Projekty/LatexSongbook/libs/libarchive-2.8.5/build/CMakeFiles/CMakeTmp/src.c: In function ‘main’:
/mnt/uloziste/Pracoviste/Projekty/LatexSongbook/libs/libarchive-2.8.5/build/CMakeFiles/CMakeTmp/src.c:8:18: error: ‘struct stat’ has no member named ‘st_mtime_n’
make[1]: *** [CMakeFiles/cmTryCompileExec.dir/src.c.o] Error 1
make[1]: Leaving directory `/mnt/uloziste/Pracoviste/Projekty/LatexSongbook/libs/libarchive-2.8.5/build/CMakeFiles/CMakeTmp'
make: *** [cmTryCompileExec/fast] Error 2

Source file was:

#include <sys/types.h>
#include <sys/stat.h>

int main()
{
   static struct stat tmp;
   if (sizeof(tmp.st_mtime_n))
      return 0;
  return 0;
}

Performing C SOURCE FILE Test HAVE_STRUCT_STAT_ST_UMTIME failed with the following output:
Change Dir: /mnt/uloziste/Pracoviste/Projekty/LatexSongbook/libs/libarchive-2.8.5/build/CMakeFiles/CMakeTmp

Run Build Command:/usr/bin/make "cmTryCompileExec/fast"
/usr/bin/make -f CMakeFiles/cmTryCompileExec.dir/build.make CMakeFiles/cmTryCompileExec.dir/build
make[1]: Entering directory `/mnt/uloziste/Pracoviste/Projekty/LatexSongbook/libs/libarchive-2.8.5/build/CMakeFiles/CMakeTmp'
/usr/bin/cmake -E cmake_progress_report /mnt/uloziste/Pracoviste/Projekty/LatexSongbook/libs/libarchive-2.8.5/build/CMakeFiles/CMakeTmp/CMakeFiles 1
Building C object CMakeFiles/cmTryCompileExec.dir/src.c.o
/usr/bin/gcc   -DHAVE_STRUCT_STAT_ST_UMTIME   -o CMakeFiles/cmTryCompileExec.dir/src.c.o   -c /mnt/uloziste/Pracoviste/Projekty/LatexSongbook/libs/libarchive-2.8.5/build/CMakeFiles/CMakeTmp/src.c
/mnt/uloziste/Pracoviste/Projekty/LatexSongbook/libs/libarchive-2.8.5/build/CMakeFiles/CMakeTmp/src.c: In function ‘main’:
/mnt/uloziste/Pracoviste/Projekty/LatexSongbook/libs/libarchive-2.8.5/build/CMakeFiles/CMakeTmp/src.c:8:18: error: ‘struct stat’ has no member named ‘st_umtime’
make[1]: *** [CMakeFiles/cmTryCompileExec.dir/src.c.o] Error 1
make[1]: Leaving directory `/mnt/uloziste/Pracoviste/Projekty/LatexSongbook/libs/libarchive-2.8.5/build/CMakeFiles/CMakeTmp'
make: *** [cmTryCompileExec/fast] Error 2

Source file was:

#include <sys/types.h>
#include <sys/stat.h>

int main()
{
   static struct stat tmp;
   if (sizeof(tmp.st_umtime))
      return 0;
  return 0;
}

Performing C SOURCE FILE Test HAVE_STRUCT_STAT_ST_MTIME_USEC failed with the following output:
Change Dir: /mnt/uloziste/Pracoviste/Projekty/LatexSongbook/libs/libarchive-2.8.5/build/CMakeFiles/CMakeTmp

Run Build Command:/usr/bin/make "cmTryCompileExec/fast"
/usr/bin/make -f CMakeFiles/cmTryCompileExec.dir/build.make CMakeFiles/cmTryCompileExec.dir/build
make[1]: Entering directory `/mnt/uloziste/Pracoviste/Projekty/LatexSongbook/libs/libarchive-2.8.5/build/CMakeFiles/CMakeTmp'
/usr/bin/cmake -E cmake_progress_report /mnt/uloziste/Pracoviste/Projekty/LatexSongbook/libs/libarchive-2.8.5/build/CMakeFiles/CMakeTmp/CMakeFiles 1
Building C object CMakeFiles/cmTryCompileExec.dir/src.c.o
/usr/bin/gcc   -DHAVE_STRUCT_STAT_ST_MTIME_USEC   -o CMakeFiles/cmTryCompileExec.dir/src.c.o   -c /mnt/uloziste/Pracoviste/Projekty/LatexSongbook/libs/libarchive-2.8.5/build/CMakeFiles/CMakeTmp/src.c
/mnt/uloziste/Pracoviste/Projekty/LatexSongbook/libs/libarchive-2.8.5/build/CMakeFiles/CMakeTmp/src.c: In function ‘main’:
/mnt/uloziste/Pracoviste/Projekty/LatexSongbook/libs/libarchive-2.8.5/build/CMakeFiles/CMakeTmp/src.c:8:18: error: ‘struct stat’ has no member named ‘st_mtime_usec’
make[1]: *** [CMakeFiles/cmTryCompileExec.dir/src.c.o] Error 1
make[1]: Leaving directory `/mnt/uloziste/Pracoviste/Projekty/LatexSongbook/libs/libarchive-2.8.5/build/CMakeFiles/CMakeTmp'
make: *** [cmTryCompileExec/fast] Error 2

Source file was:

#include <sys/types.h>
#include <sys/stat.h>

int main()
{
   static struct stat tmp;
   if (sizeof(tmp.st_mtime_usec))
      return 0;
  return 0;
}

Performing C SOURCE FILE Test HAVE_STRUCT_STAT_ST_FLAGS failed with the following output:
Change Dir: /mnt/uloziste/Pracoviste/Projekty/LatexSongbook/libs/libarchive-2.8.5/build/CMakeFiles/CMakeTmp

Run Build Command:/usr/bin/make "cmTryCompileExec/fast"
/usr/bin/make -f CMakeFiles/cmTryCompileExec.dir/build.make CMakeFiles/cmTryCompileExec.dir/build
make[1]: Entering directory `/mnt/uloziste/Pracoviste/Projekty/LatexSongbook/libs/libarchive-2.8.5/build/CMakeFiles/CMakeTmp'
/usr/bin/cmake -E cmake_progress_report /mnt/uloziste/Pracoviste/Projekty/LatexSongbook/libs/libarchive-2.8.5/build/CMakeFiles/CMakeTmp/CMakeFiles 1
Building C object CMakeFiles/cmTryCompileExec.dir/src.c.o
/usr/bin/gcc   -DHAVE_STRUCT_STAT_ST_FLAGS   -o CMakeFiles/cmTryCompileExec.dir/src.c.o   -c /mnt/uloziste/Pracoviste/Projekty/LatexSongbook/libs/libarchive-2.8.5/build/CMakeFiles/CMakeTmp/src.c
/mnt/uloziste/Pracoviste/Projekty/LatexSongbook/libs/libarchive-2.8.5/build/CMakeFiles/CMakeTmp/src.c: In function ‘main’:
/mnt/uloziste/Pracoviste/Projekty/LatexSongbook/libs/libarchive-2.8.5/build/CMakeFiles/CMakeTmp/src.c:8:18: error: ‘struct stat’ has no member named ‘st_flags’
make[1]: *** [CMakeFiles/cmTryCompileExec.dir/src.c.o] Error 1
make[1]: Leaving directory `/mnt/uloziste/Pracoviste/Projekty/LatexSongbook/libs/libarchive-2.8.5/build/CMakeFiles/CMakeTmp'
make: *** [cmTryCompileExec/fast] Error 2

Source file was:

#include <sys/types.h>
#include <sys/stat.h>

int main()
{
   static struct stat tmp;
   if (sizeof(tmp.st_flags))
      return 0;
  return 0;
}

Determining if files sys/types.h;acl/libacl.h;ctype.h;dlfcn.h;errno.h;ext2fs/ext2_fs.h;fcntl.h;grp.h;inttypes.h;langinfo.h;limits.h;linux/fs.h;locale.h;memory.h;paths.h;poll.h;pwd.h;regex.h;signal.h;stdarg.h;stdint.h;stdlib.h;string.h;strings.h;sys/acl.h;sys/cdefs.h;sys/ioctl.h;sys/param.h;sys/poll.h;sys/select.h;sys/stat.h;sys/time.h;sys/wait.h;time.h;unistd.h;utime.h;wchar.h;wctype.h;attr/xattr.h;sys/xattr.h exist failed with the following output:
Change Dir: /mnt/uloziste/Pracoviste/Projekty/LatexSongbook/libs/libarchive-2.8.5/build/CMakeFiles/CMakeTmp

Run Build Command:/usr/bin/make "cmTryCompileExec/fast"
/usr/bin/make -f CMakeFiles/cmTryCompileExec.dir/build.make CMakeFiles/cmTryCompileExec.dir/build
make[1]: Entering directory `/mnt/uloziste/Pracoviste/Projekty/LatexSongbook/libs/libarchive-2.8.5/build/CMakeFiles/CMakeTmp'
/usr/bin/cmake -E cmake_progress_report /mnt/uloziste/Pracoviste/Projekty/LatexSongbook/libs/libarchive-2.8.5/build/CMakeFiles/CMakeTmp/CMakeFiles 1
Building C object CMakeFiles/cmTryCompileExec.dir/CheckIncludeFiles.c.o
/usr/bin/gcc    -o CMakeFiles/cmTryCompileExec.dir/CheckIncludeFiles.c.o   -c /mnt/uloziste/Pracoviste/Projekty/LatexSongbook/libs/libarchive-2.8.5/build/CMakeFiles/CMakeTmp/CheckIncludeFiles.c
In file included from /mnt/uloziste/Pracoviste/Projekty/LatexSongbook/libs/libarchive-2.8.5/build/CMakeFiles/CMakeTmp/CheckIncludeFiles.c:41:0:
/usr/include/sys/xattr.h:32:3: error: expected identifier before numeric constant
make[1]: *** [CMakeFiles/cmTryCompileExec.dir/CheckIncludeFiles.c.o] Error 1
make[1]: Leaving directory `/mnt/uloziste/Pracoviste/Projekty/LatexSongbook/libs/libarchive-2.8.5/build/CMakeFiles/CMakeTmp'
make: *** [cmTryCompileExec/fast] Error 2

Source:
/* */
#include <sys/types.h>
#include <acl/libacl.h>
#include <ctype.h>
#include <dlfcn.h>
#include <errno.h>
#include <ext2fs/ext2_fs.h>
#include <fcntl.h>
#include <grp.h>
#include <inttypes.h>
#include <langinfo.h>
#include <limits.h>
#include <linux/fs.h>
#include <locale.h>
#include <memory.h>
#include <paths.h>
#include <poll.h>
#include <pwd.h>
#include <regex.h>
#include <signal.h>
#include <stdarg.h>
#include <stdint.h>
#include <stdlib.h>
#include <string.h>
#include <strings.h>
#include <sys/acl.h>
#include <sys/cdefs.h>
#include <sys/ioctl.h>
#include <sys/param.h>
#include <sys/poll.h>
#include <sys/select.h>
#include <sys/stat.h>
#include <sys/time.h>
#include <sys/wait.h>
#include <time.h>
#include <unistd.h>
#include <utime.h>
#include <wchar.h>
#include <wctype.h>
#include <attr/xattr.h>
#include <sys/xattr.h>


int main(){return 0;}

Determining if files sys/types.h;acl/libacl.h;ctype.h;dlfcn.h;errno.h;ext2fs/ext2_fs.h;fcntl.h;grp.h;inttypes.h;langinfo.h;limits.h;linux/fs.h;locale.h;memory.h;paths.h;poll.h;pwd.h;regex.h;signal.h;stdarg.h;stdint.h;stdlib.h;string.h;strings.h;sys/acl.h;sys/cdefs.h;sys/ioctl.h;sys/param.h;sys/poll.h;sys/select.h;sys/stat.h;sys/time.h;sys/wait.h;time.h;unistd.h;utime.h;wchar.h;wctype.h;attr/xattr.h;sys/extattr.h exist failed with the following output:
Change Dir: /mnt/uloziste/Pracoviste/Projekty/LatexSongbook/libs/libarchive-2.8.5/build/CMakeFiles/CMakeTmp

Run Build Command:/usr/bin/make "cmTryCompileExec/fast"
/usr/bin/make -f CMakeFiles/cmTryCompileExec.dir/build.make CMakeFiles/cmTryCompileExec.dir/build
make[1]: Entering directory `/mnt/uloziste/Pracoviste/Projekty/LatexSongbook/libs/libarchive-2.8.5/build/CMakeFiles/CMakeTmp'
/usr/bin/cmake -E cmake_progress_report /mnt/uloziste/Pracoviste/Projekty/LatexSongbook/libs/libarchive-2.8.5/build/CMakeFiles/CMakeTmp/CMakeFiles 1
Building C object CMakeFiles/cmTryCompileExec.dir/CheckIncludeFiles.c.o
/usr/bin/gcc    -o CMakeFiles/cmTryCompileExec.dir/CheckIncludeFiles.c.o   -c /mnt/uloziste/Pracoviste/Projekty/LatexSongbook/libs/libarchive-2.8.5/build/CMakeFiles/CMakeTmp/CheckIncludeFiles.c
/mnt/uloziste/Pracoviste/Projekty/LatexSongbook/libs/libarchive-2.8.5/build/CMakeFiles/CMakeTmp/CheckIncludeFiles.c:41:25: fatal error: sys/extattr.h: Adresář nebo soubor neexistuje
compilation terminated.
make[1]: *** [CMakeFiles/cmTryCompileExec.dir/CheckIncludeFiles.c.o] Error 1
make[1]: Leaving directory `/mnt/uloziste/Pracoviste/Projekty/LatexSongbook/libs/libarchive-2.8.5/build/CMakeFiles/CMakeTmp'
make: *** [cmTryCompileExec/fast] Error 2

Source:
/* */
#include <sys/types.h>
#include <acl/libacl.h>
#include <ctype.h>
#include <dlfcn.h>
#include <errno.h>
#include <ext2fs/ext2_fs.h>
#include <fcntl.h>
#include <grp.h>
#include <inttypes.h>
#include <langinfo.h>
#include <limits.h>
#include <linux/fs.h>
#include <locale.h>
#include <memory.h>
#include <paths.h>
#include <poll.h>
#include <pwd.h>
#include <regex.h>
#include <signal.h>
#include <stdarg.h>
#include <stdint.h>
#include <stdlib.h>
#include <string.h>
#include <strings.h>
#include <sys/acl.h>
#include <sys/cdefs.h>
#include <sys/ioctl.h>
#include <sys/param.h>
#include <sys/poll.h>
#include <sys/select.h>
#include <sys/stat.h>
#include <sys/time.h>
#include <sys/wait.h>
#include <time.h>
#include <unistd.h>
#include <utime.h>
#include <wchar.h>
#include <wctype.h>
#include <attr/xattr.h>
#include <sys/extattr.h>


int main(){return 0;}

Determining if the EXTATTR_NAMESPACE_USER exist failed with the following output:
Change Dir: /mnt/uloziste/Pracoviste/Projekty/LatexSongbook/libs/libarchive-2.8.5/build/CMakeFiles/CMakeTmp

Run Build Command:/usr/bin/make "cmTryCompileExec/fast"
/usr/bin/make -f CMakeFiles/cmTryCompileExec.dir/build.make CMakeFiles/cmTryCompileExec.dir/build
make[1]: Entering directory `/mnt/uloziste/Pracoviste/Projekty/LatexSongbook/libs/libarchive-2.8.5/build/CMakeFiles/CMakeTmp'
/usr/bin/cmake -E cmake_progress_report /mnt/uloziste/Pracoviste/Projekty/LatexSongbook/libs/libarchive-2.8.5/build/CMakeFiles/CMakeTmp/CMakeFiles 1
Building C object CMakeFiles/cmTryCompileExec.dir/CheckSymbolExists.c.o
/usr/bin/gcc    -o CMakeFiles/cmTryCompileExec.dir/CheckSymbolExists.c.o   -c /mnt/uloziste/Pracoviste/Projekty/LatexSongbook/libs/libarchive-2.8.5/build/CMakeFiles/CMakeTmp/CheckSymbolExists.c
/mnt/uloziste/Pracoviste/Projekty/LatexSongbook/libs/libarchive-2.8.5/build/CMakeFiles/CMakeTmp/CheckSymbolExists.c:3:25: fatal error: sys/extattr.h: Adresář nebo soubor neexistuje
compilation terminated.
make[1]: *** [CMakeFiles/cmTryCompileExec.dir/CheckSymbolExists.c.o] Error 1
make[1]: Leaving directory `/mnt/uloziste/Pracoviste/Projekty/LatexSongbook/libs/libarchive-2.8.5/build/CMakeFiles/CMakeTmp'
make: *** [cmTryCompileExec/fast] Error 2

File /mnt/uloziste/Pracoviste/Projekty/LatexSongbook/libs/libarchive-2.8.5/build/CMakeFiles/CMakeTmp/CheckSymbolExists.c:
/* */
#include <sys/types.h>
#include <sys/extattr.h>

void cmakeRequireSymbol(int dummy,...){(void)dummy;}
int main()
{
#ifndef EXTATTR_NAMESPACE_USER
  cmakeRequireSymbol(0,&EXTATTR_NAMESPACE_USER);
#endif
  return 0;
}

Determining if the function extattr_get_file exists failed with the following output:
Change Dir: /mnt/uloziste/Pracoviste/Projekty/LatexSongbook/libs/libarchive-2.8.5/build/CMakeFiles/CMakeTmp

Run Build Command:/usr/bin/make "cmTryCompileExec/fast"
/usr/bin/make -f CMakeFiles/cmTryCompileExec.dir/build.make CMakeFiles/cmTryCompileExec.dir/build
make[1]: Entering directory `/mnt/uloziste/Pracoviste/Projekty/LatexSongbook/libs/libarchive-2.8.5/build/CMakeFiles/CMakeTmp'
/usr/bin/cmake -E cmake_progress_report /mnt/uloziste/Pracoviste/Projekty/LatexSongbook/libs/libarchive-2.8.5/build/CMakeFiles/CMakeTmp/CMakeFiles 1
Building C object CMakeFiles/cmTryCompileExec.dir/CheckFunctionExists.c.o
/usr/bin/gcc   -DCHECK_FUNCTION_EXISTS=extattr_get_file   -o CMakeFiles/cmTryCompileExec.dir/CheckFunctionExists.c.o   -c /usr/share/cmake-2.8/Modules/CheckFunctionExists.c
Linking C executable cmTryCompileExec
/usr/bin/cmake -E cmake_link_script CMakeFiles/cmTryCompileExec.dir/link.txt --verbose=1
/usr/bin/gcc     -DCHECK_FUNCTION_EXISTS=extattr_get_file    CMakeFiles/cmTryCompileExec.dir/CheckFunctionExists.c.o  -o cmTryCompileExec -rdynamic -lattr 
CMakeFiles/cmTryCompileExec.dir/CheckFunctionExists.c.o: In function `main':
CheckFunctionExists.c:(.text+0x15): undefined reference to `extattr_get_file'
collect2: ld returned 1 exit status
make[1]: *** [cmTryCompileExec] Error 1
make[1]: Leaving directory `/mnt/uloziste/Pracoviste/Projekty/LatexSongbook/libs/libarchive-2.8.5/build/CMakeFiles/CMakeTmp'
make: *** [cmTryCompileExec/fast] Error 2


Determining if the function extattr_list_file exists failed with the following output:
Change Dir: /mnt/uloziste/Pracoviste/Projekty/LatexSongbook/libs/libarchive-2.8.5/build/CMakeFiles/CMakeTmp

Run Build Command:/usr/bin/make "cmTryCompileExec/fast"
/usr/bin/make -f CMakeFiles/cmTryCompileExec.dir/build.make CMakeFiles/cmTryCompileExec.dir/build
make[1]: Entering directory `/mnt/uloziste/Pracoviste/Projekty/LatexSongbook/libs/libarchive-2.8.5/build/CMakeFiles/CMakeTmp'
/usr/bin/cmake -E cmake_progress_report /mnt/uloziste/Pracoviste/Projekty/LatexSongbook/libs/libarchive-2.8.5/build/CMakeFiles/CMakeTmp/CMakeFiles 1
Building C object CMakeFiles/cmTryCompileExec.dir/CheckFunctionExists.c.o
/usr/bin/gcc   -DCHECK_FUNCTION_EXISTS=extattr_list_file   -o CMakeFiles/cmTryCompileExec.dir/CheckFunctionExists.c.o   -c /usr/share/cmake-2.8/Modules/CheckFunctionExists.c
Linking C executable cmTryCompileExec
/usr/bin/cmake -E cmake_link_script CMakeFiles/cmTryCompileExec.dir/link.txt --verbose=1
/usr/bin/gcc     -DCHECK_FUNCTION_EXISTS=extattr_list_file    CMakeFiles/cmTryCompileExec.dir/CheckFunctionExists.c.o  -o cmTryCompileExec -rdynamic -lattr 
CMakeFiles/cmTryCompileExec.dir/CheckFunctionExists.c.o: In function `main':
CheckFunctionExists.c:(.text+0x15): undefined reference to `extattr_list_file'
collect2: ld returned 1 exit status
make[1]: *** [cmTryCompileExec] Error 1
make[1]: Leaving directory `/mnt/uloziste/Pracoviste/Projekty/LatexSongbook/libs/libarchive-2.8.5/build/CMakeFiles/CMakeTmp'
make: *** [cmTryCompileExec/fast] Error 2


Determining if the function extattr_set_fd exists failed with the following output:
Change Dir: /mnt/uloziste/Pracoviste/Projekty/LatexSongbook/libs/libarchive-2.8.5/build/CMakeFiles/CMakeTmp

Run Build Command:/usr/bin/make "cmTryCompileExec/fast"
/usr/bin/make -f CMakeFiles/cmTryCompileExec.dir/build.make CMakeFiles/cmTryCompileExec.dir/build
make[1]: Entering directory `/mnt/uloziste/Pracoviste/Projekty/LatexSongbook/libs/libarchive-2.8.5/build/CMakeFiles/CMakeTmp'
/usr/bin/cmake -E cmake_progress_report /mnt/uloziste/Pracoviste/Projekty/LatexSongbook/libs/libarchive-2.8.5/build/CMakeFiles/CMakeTmp/CMakeFiles 1
Building C object CMakeFiles/cmTryCompileExec.dir/CheckFunctionExists.c.o
/usr/bin/gcc   -DCHECK_FUNCTION_EXISTS=extattr_set_fd   -o CMakeFiles/cmTryCompileExec.dir/CheckFunctionExists.c.o   -c /usr/share/cmake-2.8/Modules/CheckFunctionExists.c
Linking C executable cmTryCompileExec
/usr/bin/cmake -E cmake_link_script CMakeFiles/cmTryCompileExec.dir/link.txt --verbose=1
/usr/bin/gcc     -DCHECK_FUNCTION_EXISTS=extattr_set_fd    CMakeFiles/cmTryCompileExec.dir/CheckFunctionExists.c.o  -o cmTryCompileExec -rdynamic -lattr 
CMakeFiles/cmTryCompileExec.dir/CheckFunctionExists.c.o: In function `main':
CheckFunctionExists.c:(.text+0x15): undefined reference to `extattr_set_fd'
collect2: ld returned 1 exit status
make[1]: Leaving directory `/mnt/uloziste/Pracoviste/Projekty/LatexSongbook/libs/libarchive-2.8.5/build/CMakeFiles/CMakeTmp'
make[1]: *** [cmTryCompileExec] Error 1
make: *** [cmTryCompileExec/fast] Error 2


Determining if the function extattr_set_file exists failed with the following output:
Change Dir: /mnt/uloziste/Pracoviste/Projekty/LatexSongbook/libs/libarchive-2.8.5/build/CMakeFiles/CMakeTmp

Run Build Command:/usr/bin/make "cmTryCompileExec/fast"
/usr/bin/make -f CMakeFiles/cmTryCompileExec.dir/build.make CMakeFiles/cmTryCompileExec.dir/build
make[1]: Entering directory `/mnt/uloziste/Pracoviste/Projekty/LatexSongbook/libs/libarchive-2.8.5/build/CMakeFiles/CMakeTmp'
/usr/bin/cmake -E cmake_progress_report /mnt/uloziste/Pracoviste/Projekty/LatexSongbook/libs/libarchive-2.8.5/build/CMakeFiles/CMakeTmp/CMakeFiles 1
Building C object CMakeFiles/cmTryCompileExec.dir/CheckFunctionExists.c.o
/usr/bin/gcc   -DCHECK_FUNCTION_EXISTS=extattr_set_file   -o CMakeFiles/cmTryCompileExec.dir/CheckFunctionExists.c.o   -c /usr/share/cmake-2.8/Modules/CheckFunctionExists.c
Linking C executable cmTryCompileExec
/usr/bin/cmake -E cmake_link_script CMakeFiles/cmTryCompileExec.dir/link.txt --verbose=1
/usr/bin/gcc     -DCHECK_FUNCTION_EXISTS=extattr_set_file    CMakeFiles/cmTryCompileExec.dir/CheckFunctionExists.c.o  -o cmTryCompileExec -rdynamic -lattr 
CMakeFiles/cmTryCompileExec.dir/CheckFunctionExists.c.o: In function `main':
CheckFunctionExists.c:(.text+0x15): undefined reference to `extattr_set_file'
collect2: ld returned 1 exit status
make[1]: *** [cmTryCompileExec] Error 1
make[1]: Leaving directory `/mnt/uloziste/Pracoviste/Projekty/LatexSongbook/libs/libarchive-2.8.5/build/CMakeFiles/CMakeTmp'
make: *** [cmTryCompileExec/fast] Error 2


Determining if the function acl_set_fd_np exists failed with the following output:
Change Dir: /mnt/uloziste/Pracoviste/Projekty/LatexSongbook/libs/libarchive-2.8.5/build/CMakeFiles/CMakeTmp

Run Build Command:/usr/bin/make "cmTryCompileExec/fast"
/usr/bin/make -f CMakeFiles/cmTryCompileExec.dir/build.make CMakeFiles/cmTryCompileExec.dir/build
make[1]: Entering directory `/mnt/uloziste/Pracoviste/Projekty/LatexSongbook/libs/libarchive-2.8.5/build/CMakeFiles/CMakeTmp'
/usr/bin/cmake -E cmake_progress_report /mnt/uloziste/Pracoviste/Projekty/LatexSongbook/libs/libarchive-2.8.5/build/CMakeFiles/CMakeTmp/CMakeFiles 1
Building C object CMakeFiles/cmTryCompileExec.dir/CheckFunctionExists.c.o
/usr/bin/gcc   -DCHECK_FUNCTION_EXISTS=acl_set_fd_np   -o CMakeFiles/cmTryCompileExec.dir/CheckFunctionExists.c.o   -c /usr/share/cmake-2.8/Modules/CheckFunctionExists.c
Linking C executable cmTryCompileExec
/usr/bin/cmake -E cmake_link_script CMakeFiles/cmTryCompileExec.dir/link.txt --verbose=1
/usr/bin/gcc     -DCHECK_FUNCTION_EXISTS=acl_set_fd_np    CMakeFiles/cmTryCompileExec.dir/CheckFunctionExists.c.o  -o cmTryCompileExec -rdynamic -lacl 
CMakeFiles/cmTryCompileExec.dir/CheckFunctionExists.c.o: In function `main':
CheckFunctionExists.c:(.text+0x15): undefined reference to `acl_set_fd_np'
collect2: ld returned 1 exit status
make[1]: Leaving directory `/mnt/uloziste/Pracoviste/Projekty/LatexSongbook/libs/libarchive-2.8.5/build/CMakeFiles/CMakeTmp'
make[1]: *** [cmTryCompileExec] Error 1
make: *** [cmTryCompileExec/fast] Error 2


Determining if the acl_get_perm_np exist failed with the following output:
Change Dir: /mnt/uloziste/Pracoviste/Projekty/LatexSongbook/libs/libarchive-2.8.5/build/CMakeFiles/CMakeTmp

Run Build Command:/usr/bin/make "cmTryCompileExec/fast"
/usr/bin/make -f CMakeFiles/cmTryCompileExec.dir/build.make CMakeFiles/cmTryCompileExec.dir/build
make[1]: Entering directory `/mnt/uloziste/Pracoviste/Projekty/LatexSongbook/libs/libarchive-2.8.5/build/CMakeFiles/CMakeTmp'
/usr/bin/cmake -E cmake_progress_report /mnt/uloziste/Pracoviste/Projekty/LatexSongbook/libs/libarchive-2.8.5/build/CMakeFiles/CMakeTmp/CMakeFiles 1
Building C object CMakeFiles/cmTryCompileExec.dir/CheckSymbolExists.c.o
/usr/bin/gcc    -o CMakeFiles/cmTryCompileExec.dir/CheckSymbolExists.c.o   -c /mnt/uloziste/Pracoviste/Projekty/LatexSongbook/libs/libarchive-2.8.5/build/CMakeFiles/CMakeTmp/CheckSymbolExists.c
/mnt/uloziste/Pracoviste/Projekty/LatexSongbook/libs/libarchive-2.8.5/build/CMakeFiles/CMakeTmp/CheckSymbolExists.c: In function ‘main’:
/mnt/uloziste/Pracoviste/Projekty/LatexSongbook/libs/libarchive-2.8.5/build/CMakeFiles/CMakeTmp/CheckSymbolExists.c:46:25: error: ‘acl_get_perm_np’ undeclared (first use in this function)
/mnt/uloziste/Pracoviste/Projekty/LatexSongbook/libs/libarchive-2.8.5/build/CMakeFiles/CMakeTmp/CheckSymbolExists.c:46:25: note: each undeclared identifier is reported only once for each function it appears in
make[1]: *** [CMakeFiles/cmTryCompileExec.dir/CheckSymbolExists.c.o] Error 1
make[1]: Leaving directory `/mnt/uloziste/Pracoviste/Projekty/LatexSongbook/libs/libarchive-2.8.5/build/CMakeFiles/CMakeTmp'
make: *** [cmTryCompileExec/fast] Error 2

File /mnt/uloziste/Pracoviste/Projekty/LatexSongbook/libs/libarchive-2.8.5/build/CMakeFiles/CMakeTmp/CheckSymbolExists.c:
/* */
#include <sys/types.h>
#include <acl/libacl.h>
#include <ctype.h>
#include <dlfcn.h>
#include <errno.h>
#include <ext2fs/ext2_fs.h>
#include <fcntl.h>
#include <grp.h>
#include <inttypes.h>
#include <langinfo.h>
#include <limits.h>
#include <linux/fs.h>
#include <locale.h>
#include <memory.h>
#include <paths.h>
#include <poll.h>
#include <pwd.h>
#include <regex.h>
#include <signal.h>
#include <stdarg.h>
#include <stdint.h>
#include <stdlib.h>
#include <string.h>
#include <strings.h>
#include <sys/acl.h>
#include <sys/cdefs.h>
#include <sys/ioctl.h>
#include <sys/param.h>
#include <sys/poll.h>
#include <sys/select.h>
#include <sys/stat.h>
#include <sys/time.h>
#include <sys/wait.h>
#include <time.h>
#include <unistd.h>
#include <utime.h>
#include <wchar.h>
#include <wctype.h>
#include <attr/xattr.h>

void cmakeRequireSymbol(int dummy,...){(void)dummy;}
int main()
{
#ifndef acl_get_perm_np
  cmakeRequireSymbol(0,&acl_get_perm_np);
#endif
  return 0;
}

Determining if the acl_get_link exist failed with the following output:
Change Dir: /mnt/uloziste/Pracoviste/Projekty/LatexSongbook/libs/libarchive-2.8.5/build/CMakeFiles/CMakeTmp

Run Build Command:/usr/bin/make "cmTryCompileExec/fast"
/usr/bin/make -f CMakeFiles/cmTryCompileExec.dir/build.make CMakeFiles/cmTryCompileExec.dir/build
make[1]: Entering directory `/mnt/uloziste/Pracoviste/Projekty/LatexSongbook/libs/libarchive-2.8.5/build/CMakeFiles/CMakeTmp'
/usr/bin/cmake -E cmake_progress_report /mnt/uloziste/Pracoviste/Projekty/LatexSongbook/libs/libarchive-2.8.5/build/CMakeFiles/CMakeTmp/CMakeFiles 1
Building C object CMakeFiles/cmTryCompileExec.dir/CheckSymbolExists.c.o
/usr/bin/gcc    -o CMakeFiles/cmTryCompileExec.dir/CheckSymbolExists.c.o   -c /mnt/uloziste/Pracoviste/Projekty/LatexSongbook/libs/libarchive-2.8.5/build/CMakeFiles/CMakeTmp/CheckSymbolExists.c
/mnt/uloziste/Pracoviste/Projekty/LatexSongbook/libs/libarchive-2.8.5/build/CMakeFiles/CMakeTmp/CheckSymbolExists.c: In function ‘main’:
/mnt/uloziste/Pracoviste/Projekty/LatexSongbook/libs/libarchive-2.8.5/build/CMakeFiles/CMakeTmp/CheckSymbolExists.c:46:25: error: ‘acl_get_link’ undeclared (first use in this function)
/mnt/uloziste/Pracoviste/Projekty/LatexSongbook/libs/libarchive-2.8.5/build/CMakeFiles/CMakeTmp/CheckSymbolExists.c:46:25: note: each undeclared identifier is reported only once for each function it appears in
make[1]: *** [CMakeFiles/cmTryCompileExec.dir/CheckSymbolExists.c.o] Error 1
make[1]: Leaving directory `/mnt/uloziste/Pracoviste/Projekty/LatexSongbook/libs/libarchive-2.8.5/build/CMakeFiles/CMakeTmp'
make: *** [cmTryCompileExec/fast] Error 2

File /mnt/uloziste/Pracoviste/Projekty/LatexSongbook/libs/libarchive-2.8.5/build/CMakeFiles/CMakeTmp/CheckSymbolExists.c:
/* */
#include <sys/types.h>
#include <acl/libacl.h>
#include <ctype.h>
#include <dlfcn.h>
#include <errno.h>
#include <ext2fs/ext2_fs.h>
#include <fcntl.h>
#include <grp.h>
#include <inttypes.h>
#include <langinfo.h>
#include <limits.h>
#include <linux/fs.h>
#include <locale.h>
#include <memory.h>
#include <paths.h>
#include <poll.h>
#include <pwd.h>
#include <regex.h>
#include <signal.h>
#include <stdarg.h>
#include <stdint.h>
#include <stdlib.h>
#include <string.h>
#include <strings.h>
#include <sys/acl.h>
#include <sys/cdefs.h>
#include <sys/ioctl.h>
#include <sys/param.h>
#include <sys/poll.h>
#include <sys/select.h>
#include <sys/stat.h>
#include <sys/time.h>
#include <sys/wait.h>
#include <time.h>
#include <unistd.h>
#include <utime.h>
#include <wchar.h>
#include <wctype.h>
#include <attr/xattr.h>

void cmakeRequireSymbol(int dummy,...){(void)dummy;}
int main()
{
#ifndef acl_get_link
  cmakeRequireSymbol(0,&acl_get_link);
#endif
  return 0;
}

Determining if the acl_get_link_np exist failed with the following output:
Change Dir: /mnt/uloziste/Pracoviste/Projekty/LatexSongbook/libs/libarchive-2.8.5/build/CMakeFiles/CMakeTmp

Run Build Command:/usr/bin/make "cmTryCompileExec/fast"
/usr/bin/make -f CMakeFiles/cmTryCompileExec.dir/build.make CMakeFiles/cmTryCompileExec.dir/build
make[1]: Entering directory `/mnt/uloziste/Pracoviste/Projekty/LatexSongbook/libs/libarchive-2.8.5/build/CMakeFiles/CMakeTmp'
/usr/bin/cmake -E cmake_progress_report /mnt/uloziste/Pracoviste/Projekty/LatexSongbook/libs/libarchive-2.8.5/build/CMakeFiles/CMakeTmp/CMakeFiles 1
Building C object CMakeFiles/cmTryCompileExec.dir/CheckSymbolExists.c.o
/usr/bin/gcc    -o CMakeFiles/cmTryCompileExec.dir/CheckSymbolExists.c.o   -c /mnt/uloziste/Pracoviste/Projekty/LatexSongbook/libs/libarchive-2.8.5/build/CMakeFiles/CMakeTmp/CheckSymbolExists.c
/mnt/uloziste/Pracoviste/Projekty/LatexSongbook/libs/libarchive-2.8.5/build/CMakeFiles/CMakeTmp/CheckSymbolExists.c: In function ‘main’:
/mnt/uloziste/Pracoviste/Projekty/LatexSongbook/libs/libarchive-2.8.5/build/CMakeFiles/CMakeTmp/CheckSymbolExists.c:46:25: error: ‘acl_get_link_np’ undeclared (first use in this function)
/mnt/uloziste/Pracoviste/Projekty/LatexSongbook/libs/libarchive-2.8.5/build/CMakeFiles/CMakeTmp/CheckSymbolExists.c:46:25: note: each undeclared identifier is reported only once for each function it appears in
make[1]: *** [CMakeFiles/cmTryCompileExec.dir/CheckSymbolExists.c.o] Error 1
make[1]: Leaving directory `/mnt/uloziste/Pracoviste/Projekty/LatexSongbook/libs/libarchive-2.8.5/build/CMakeFiles/CMakeTmp'
make: *** [cmTryCompileExec/fast] Error 2

File /mnt/uloziste/Pracoviste/Projekty/LatexSongbook/libs/libarchive-2.8.5/build/CMakeFiles/CMakeTmp/CheckSymbolExists.c:
/* */
#include <sys/types.h>
#include <acl/libacl.h>
#include <ctype.h>
#include <dlfcn.h>
#include <errno.h>
#include <ext2fs/ext2_fs.h>
#include <fcntl.h>
#include <grp.h>
#include <inttypes.h>
#include <langinfo.h>
#include <limits.h>
#include <linux/fs.h>
#include <locale.h>
#include <memory.h>
#include <paths.h>
#include <poll.h>
#include <pwd.h>
#include <regex.h>
#include <signal.h>
#include <stdarg.h>
#include <stdint.h>
#include <stdlib.h>
#include <string.h>
#include <strings.h>
#include <sys/acl.h>
#include <sys/cdefs.h>
#include <sys/ioctl.h>
#include <sys/param.h>
#include <sys/poll.h>
#include <sys/select.h>
#include <sys/stat.h>
#include <sys/time.h>
#include <sys/wait.h>
#include <time.h>
#include <unistd.h>
#include <utime.h>
#include <wchar.h>
#include <wctype.h>
#include <attr/xattr.h>

void cmakeRequireSymbol(int dummy,...){(void)dummy;}
int main()
{
#ifndef acl_get_link_np
  cmakeRequireSymbol(0,&acl_get_link_np);
#endif
  return 0;
}

